#
# There is insufficient memory for the Java Runtime Environment to continue.
# Native memory allocation (malloc) failed to allocate 1269776 bytes. Error detail: Chunk::new
# Possible reasons:
#   The system is out of physical RAM or swap space
#   This process is running with CompressedOops enabled, and the Java Heap may be blocking the growth of the native heap
# Possible solutions:
#   Reduce memory load on the system
#   Increase physical memory or swap space
#   Check if swap backing store is full
#   Decrease Java heap size (-Xmx/-Xms)
#   Decrease number of Java threads
#   Decrease Java thread stack sizes (-Xss)
#   Set larger code cache with -XX:ReservedCodeCacheSize=
#   JVM is running with Unscaled Compressed Oops mode in which the Java heap is
#     placed in the first 4GB address space. The Java Heap base address is the
#     maximum limit for the native heap growth. Please use -XX:HeapBaseMinAddress
#     to set the Java Heap base and to place the Java Heap above 4GB virtual address.
# This output file may be truncated or incomplete.
#
#  Out of Memory Error (arena.cpp:168), pid=11884, tid=16356
#
# JRE version: OpenJDK Runtime Environment Temurin-21.0.8+9 (21.0.8+9) (build 21.0.8+9-LTS)
# Java VM: OpenJDK 64-Bit Server VM Temurin-21.0.8+9 (21.0.8+9-LTS, mixed mode, sharing, tiered, compressed oops, compressed class ptrs, parallel gc, windows-amd64)
# No core dump will be written. Minidumps are not enabled by default on client versions of Windows
#

---------------  S U M M A R Y ------------

Command Line: --add-modules=ALL-SYSTEM --add-opens=java.base/java.util=ALL-UNNAMED --add-opens=java.base/java.lang=ALL-UNNAMED --add-opens=java.base/sun.nio.fs=ALL-UNNAMED -Declipse.application=org.eclipse.jdt.ls.core.id1 -Dosgi.bundles.defaultStartLevel=4 -Declipse.product=org.eclipse.jdt.ls.core.product -Djava.import.generatesMetadataFilesAtProjectRoot=false -DDetectVMInstallationsJob.disabled=true -Dfile.encoding=utf8 -XX:+UseParallelGC -XX:GCTimeRatio=4 -XX:AdaptiveSizePolicyWeight=90 -Dsun.zip.disableMemoryMapping=true -Xmx2G -Xms100m -Xlog:disable -javaagent:c:\Users\stogh\.vscode\extensions\redhat.java-1.45.0-win32-x64\lombok\lombok-1.18.39-4050.jar -XX:+HeapDumpOnOutOfMemoryError -XX:HeapDumpPath=c:\Users\stogh\AppData\Roaming\Code\User\workspaceStorage\ff54eff95ed8fa7dfb27104f6affd791\redhat.java -Daether.dependencyCollector.impl=bf c:\Users\stogh\.vscode\extensions\redhat.java-1.45.0-win32-x64\server\plugins\org.eclipse.equinox.launcher_1.7.0.v20250519-0528.jar -configuration c:\Users\stogh\AppData\Roaming\Code\User\globalStorage\redhat.java\1.45.0\config_win -data c:\Users\stogh\AppData\Roaming\Code\User\workspaceStorage\ff54eff95ed8fa7dfb27104f6affd791\redhat.java\jdt_ws --pipe=\\.\pipe\lsp-746e366c8d427a943aa793688aae05dd-sock

Host: AMD Ryzen 5 5500U with Radeon Graphics         , 12 cores, 13G,  Windows 11 , 64 bit Build 26100 (10.0.26100.5074)
Time: Sun Oct 19 11:31:07 2025 Central European Daylight Time elapsed time: 1558342.096755 seconds (18d 0h 52m 22s)

---------------  T H R E A D  ---------------

Current thread (0x000002679256acc0):  JavaThread "C2 CompilerThread0" daemon [_thread_in_native, id=16356, stack(0x000000f2cbf00000,0x000000f2cc000000) (1024K)]


Current CompileTask:
C2:1558342096 60350       4       java.lang.Throwable::printEnclosedStackTrace (350 bytes)

Stack: [0x000000f2cbf00000,0x000000f2cc000000]
Native frames: (J=compiled Java code, j=interpreted, Vv=VM code, C=native code)
V  [jvm.dll+0x6d2449]
V  [jvm.dll+0x8ae341]
V  [jvm.dll+0x8b08be]
V  [jvm.dll+0x8b0fa3]
V  [jvm.dll+0x280c96]
V  [jvm.dll+0xc581d]
V  [jvm.dll+0xc5d53]
V  [jvm.dll+0x3b9162]
V  [jvm.dll+0x1e1213]
V  [jvm.dll+0x249022]
V  [jvm.dll+0x2484af]
V  [jvm.dll+0x1c89ee]
V  [jvm.dll+0x257d4d]
V  [jvm.dll+0x2562ea]
V  [jvm.dll+0x3f2d16]
V  [jvm.dll+0x857e6b]
V  [jvm.dll+0x6d0b0d]
C  [ucrtbase.dll+0x37b0]
C  [KERNEL32.DLL+0x2e8d7]
C  [ntdll.dll+0x8d9c]


---------------  P R O C E S S  ---------------

Threads class SMR info:
_java_thread_list=0x00000267fe4f7e60, length=47, elements={
0x00000267900ab9e0, 0x000002679245c030, 0x000002679245ce40, 0x00000267925556c0,
0x0000026792556570, 0x0000026792558980, 0x0000026792562160, 0x000002679256acc0,
0x00000267eb2465b0, 0x00000267eb31b4b0, 0x00000267eb57d3f0, 0x00000267f10bacd0,
0x00000267ec97c560, 0x00000267f1084b00, 0x00000267f1085570, 0x00000267f13a9ef0,
0x00000267f14f4670, 0x00000267f14a15d0, 0x00000267f14a43c0, 0x00000267f14a3d30,
0x00000267f29cde50, 0x00000267f29cc410, 0x00000267f29cd130, 0x00000267f29cd7c0,
0x00000267f29ce4e0, 0x00000267f29cb060, 0x00000267f29ceb70, 0x00000267f29d2680,
0x00000267f29d12d0, 0x00000267f29cf890, 0x00000267f29cf200, 0x00000267f29d1960,
0x00000267f29d1ff0, 0x00000267f29cff20, 0x00000267f29d0c40, 0x00000267f29d05b0,
0x00000267eb5b7be0, 0x00000267f2d119d0, 0x00000267f2d13410, 0x00000267f2d13aa0,
0x00000267eb5b4760, 0x00000267f239a410, 0x00000267f44e88b0, 0x00000267f44e8f40,
0x00000267f3e3d370, 0x00000267f44e67e0, 0x00000267f3e3c5d0
}

Java Threads: ( => current thread )
  0x00000267900ab9e0 JavaThread "main"                              [_thread_blocked, id=10888, stack(0x000000f2cb500000,0x000000f2cb600000) (1024K)]
  0x000002679245c030 JavaThread "Reference Handler"          daemon [_thread_blocked, id=11276, stack(0x000000f2cb900000,0x000000f2cba00000) (1024K)]
  0x000002679245ce40 JavaThread "Finalizer"                  daemon [_thread_blocked, id=19612, stack(0x000000f2cba00000,0x000000f2cbb00000) (1024K)]
  0x00000267925556c0 JavaThread "Signal Dispatcher"          daemon [_thread_blocked, id=5644, stack(0x000000f2cbb00000,0x000000f2cbc00000) (1024K)]
  0x0000026792556570 JavaThread "Attach Listener"            daemon [_thread_blocked, id=2308, stack(0x000000f2cbc00000,0x000000f2cbd00000) (1024K)]
  0x0000026792558980 JavaThread "Service Thread"             daemon [_thread_blocked, id=20688, stack(0x000000f2cbd00000,0x000000f2cbe00000) (1024K)]
  0x0000026792562160 JavaThread "Monitor Deflation Thread"   daemon [_thread_blocked, id=14516, stack(0x000000f2cbe00000,0x000000f2cbf00000) (1024K)]
=>0x000002679256acc0 JavaThread "C2 CompilerThread0"         daemon [_thread_in_native, id=16356, stack(0x000000f2cbf00000,0x000000f2cc000000) (1024K)]
  0x00000267eb2465b0 JavaThread "C1 CompilerThread0"         daemon [_thread_blocked, id=19664, stack(0x000000f2cc000000,0x000000f2cc100000) (1024K)]
  0x00000267eb31b4b0 JavaThread "Common-Cleaner"             daemon [_thread_blocked, id=10948, stack(0x000000f2cc100000,0x000000f2cc200000) (1024K)]
  0x00000267eb57d3f0 JavaThread "Notification Thread"        daemon [_thread_blocked, id=21692, stack(0x000000f2cc300000,0x000000f2cc400000) (1024K)]
  0x00000267f10bacd0 JavaThread "Active Thread: Equinox Container: b513ee65-2ad1-44e4-84a6-15529dc3785c"        [_thread_blocked, id=11312, stack(0x000000f2ccb00000,0x000000f2ccc00000) (1024K)]
  0x00000267ec97c560 JavaThread "Refresh Thread: Equinox Container: b513ee65-2ad1-44e4-84a6-15529dc3785c" daemon [_thread_blocked, id=18020, stack(0x000000f2ccd00000,0x000000f2cce00000) (1024K)]
  0x00000267f1084b00 JavaThread "Framework Event Dispatcher: Equinox Container: b513ee65-2ad1-44e4-84a6-15529dc3785c" daemon [_thread_blocked, id=9960, stack(0x000000f2cce00000,0x000000f2ccf00000) (1024K)]
  0x00000267f1085570 JavaThread "Start Level: Equinox Container: b513ee65-2ad1-44e4-84a6-15529dc3785c" daemon [_thread_blocked, id=15796, stack(0x000000f2ccf00000,0x000000f2cd000000) (1024K)]
  0x00000267f13a9ef0 JavaThread "Bundle File Closer"         daemon [_thread_blocked, id=13508, stack(0x000000f2cd200000,0x000000f2cd300000) (1024K)]
  0x00000267f14f4670 JavaThread "SCR Component Actor"        daemon [_thread_blocked, id=30716, stack(0x000000f2cc200000,0x000000f2cc300000) (1024K)]
  0x00000267f14a15d0 JavaThread "Worker-JM"                         [_thread_blocked, id=34572, stack(0x000000f2cd300000,0x000000f2cd400000) (1024K)]
  0x00000267f14a43c0 JavaThread "JNA Cleaner"                daemon [_thread_blocked, id=25504, stack(0x000000f2cd500000,0x000000f2cd600000) (1024K)]
  0x00000267f14a3d30 JavaThread "Java indexing"              daemon [_thread_blocked, id=18612, stack(0x000000f2cd900000,0x000000f2cda00000) (1024K)]
  0x00000267f29cde50 JavaThread "Thread-2"                   daemon [_thread_in_native, id=19128, stack(0x000000f2cdf00000,0x000000f2ce000000) (1024K)]
  0x00000267f29cc410 JavaThread "Thread-3"                   daemon [_thread_in_native, id=18872, stack(0x000000f2ce000000,0x000000f2ce100000) (1024K)]
  0x00000267f29cd130 JavaThread "Thread-4"                   daemon [_thread_in_native, id=18856, stack(0x000000f2ce100000,0x000000f2ce200000) (1024K)]
  0x00000267f29cd7c0 JavaThread "Thread-5"                   daemon [_thread_in_native, id=17816, stack(0x000000f2ce200000,0x000000f2ce300000) (1024K)]
  0x00000267f29ce4e0 JavaThread "Thread-6"                   daemon [_thread_in_native, id=18228, stack(0x000000f2ce300000,0x000000f2ce400000) (1024K)]
  0x00000267f29cb060 JavaThread "Thread-7"                   daemon [_thread_in_native, id=18648, stack(0x000000f2ce400000,0x000000f2ce500000) (1024K)]
  0x00000267f29ceb70 JavaThread "Thread-8"                   daemon [_thread_in_native, id=19848, stack(0x000000f2ce500000,0x000000f2ce600000) (1024K)]
  0x00000267f29d2680 JavaThread "Thread-9"                   daemon [_thread_in_native, id=19852, stack(0x000000f2ce600000,0x000000f2ce700000) (1024K)]
  0x00000267f29d12d0 JavaThread "Thread-10"                  daemon [_thread_in_native, id=19884, stack(0x000000f2ce700000,0x000000f2ce800000) (1024K)]
  0x00000267f29cf890 JavaThread "Thread-11"                  daemon [_thread_in_native, id=19888, stack(0x000000f2ce800000,0x000000f2ce900000) (1024K)]
  0x00000267f29cf200 JavaThread "Thread-12"                  daemon [_thread_in_native, id=19892, stack(0x000000f2ce900000,0x000000f2cea00000) (1024K)]
  0x00000267f29d1960 JavaThread "Thread-13"                  daemon [_thread_in_native, id=20312, stack(0x000000f2cea00000,0x000000f2ceb00000) (1024K)]
  0x00000267f29d1ff0 JavaThread "Thread-14"                  daemon [_thread_in_native, id=3508, stack(0x000000f2ceb00000,0x000000f2cec00000) (1024K)]
  0x00000267f29cff20 JavaThread "pool-2-thread-1"                   [_thread_blocked, id=36404, stack(0x000000f2cec00000,0x000000f2ced00000) (1024K)]
  0x00000267f29d0c40 JavaThread "WorkspaceEventsHandler"            [_thread_blocked, id=34276, stack(0x000000f2ced00000,0x000000f2cee00000) (1024K)]
  0x00000267f29d05b0 JavaThread "pool-1-thread-1"                   [_thread_in_vm, id=8380, stack(0x000000f2cee00000,0x000000f2cef00000) (1024K)]
  0x00000267eb5b7be0 JavaThread "Cleaner-0"                  daemon [_thread_blocked, id=3896, stack(0x000000f2cd700000,0x000000f2cd800000) (1024K)]
  0x00000267f2d119d0 JavaThread "Java Debug Server"          daemon [_thread_in_native, id=12604, stack(0x000000f2cd600000,0x000000f2cd700000) (1024K)]
  0x00000267f2d13410 JavaThread "RxSchedulerPurge-1"         daemon [_thread_blocked, id=30236, stack(0x000000f2cef00000,0x000000f2cf000000) (1024K)]
  0x00000267f2d13aa0 JavaThread "RxCachedWorkerPoolEvictor-1" daemon [_thread_blocked, id=24304, stack(0x000000f2cf300000,0x000000f2cf400000) (1024K)]
  0x00000267eb5b4760 JavaThread "Worker-549"                        [_thread_blocked, id=3908, stack(0x000000f2cd400000,0x000000f2cd500000) (1024K)]
  0x00000267f239a410 JavaThread "Worker-551: Shutdown..."           [_thread_in_vm, id=35604, stack(0x000000f2cda00000,0x000000f2cdb00000) (1024K)]
  0x00000267f44e88b0 JavaThread "pool-5-thread-127"                 [_thread_blocked, id=31912, stack(0x000000f2cb200000,0x000000f2cb300000) (1024K)]
  0x00000267f44e8f40 JavaThread "process reaper (pid 30892)" daemon [_thread_in_native, id=26036, stack(0x000000f2caf50000,0x000000f2caf70000) (128K)]
  0x00000267f3e3d370 JavaThread "C2 CompilerThread1"         daemon [_thread_blocked, id=25844, stack(0x000000f2cb400000,0x000000f2cb500000) (1024K)]
  0x00000267f44e67e0 JavaThread "pool-7-thread-1"                   [_thread_blocked, id=22616, stack(0x000000f2cc400000,0x000000f2cc500000) (1024K)]
  0x00000267f3e3c5d0 JavaThread "C2 CompilerThread2"         daemon [_thread_blocked, id=23132, stack(0x000000f2cb300000,0x000000f2cb400000) (1024K)]
Total: 47

Other Threads:
  0x00000267924440b0 VMThread "VM Thread"                           [id=6388, stack(0x000000f2cb800000,0x000000f2cb900000) (1024K)]
  0x000002679233ca00 WatcherThread "VM Periodic Task Thread"        [id=17352, stack(0x000000f2cb700000,0x000000f2cb800000) (1024K)]
  0x00000267924cd610 WorkerThread "GC Thread#0"                     [id=4972, stack(0x000000f2cb600000,0x000000f2cb700000) (1024K)]
  0x00000267ec983340 WorkerThread "GC Thread#1"                     [id=14488, stack(0x000000f2cc500000,0x000000f2cc600000) (1024K)]
  0x00000267ec9836e0 WorkerThread "GC Thread#2"                     [id=252, stack(0x000000f2cc600000,0x000000f2cc700000) (1024K)]
  0x00000267ec983a80 WorkerThread "GC Thread#3"                     [id=6900, stack(0x000000f2cc700000,0x000000f2cc800000) (1024K)]
  0x00000267f101ec90 WorkerThread "GC Thread#4"                     [id=21148, stack(0x000000f2cc800000,0x000000f2cc900000) (1024K)]
  0x00000267f101f030 WorkerThread "GC Thread#5"                     [id=18768, stack(0x000000f2cc900000,0x000000f2cca00000) (1024K)]
  0x00000267ec841970 WorkerThread "GC Thread#6"                     [id=21252, stack(0x000000f2cca00000,0x000000f2ccb00000) (1024K)]
  0x00000267ec8403b0 WorkerThread "GC Thread#7"                     [id=1444, stack(0x000000f2ccc00000,0x000000f2ccd00000) (1024K)]
  0x00000267ec840010 WorkerThread "GC Thread#8"                     [id=5224, stack(0x000000f2cd000000,0x000000f2cd100000) (1024K)]
  0x00000267ec840750 WorkerThread "GC Thread#9"                     [id=9820, stack(0x000000f2cd100000,0x000000f2cd200000) (1024K)]
Total: 12

Threads with active compile tasks:
C2 CompilerThread0  1558342261 60350       4       java.lang.Throwable::printEnclosedStackTrace (350 bytes)
Total: 1

VM state: not at safepoint (normal execution)

VM Mutex/Monitor currently owned by a thread:  ([mutex/lock_event])
[0x00007ff8e8935ad8] SystemDictionary_lock - owner thread: 0x00000267f239a410

Heap address: 0x0000000080000000, size: 2048 MB, Compressed Oops mode: 32-bit

CDS archive(s) mapped at: [0x00000267a9000000-0x00000267a9ba0000-0x00000267a9ba0000), size 12189696, SharedBaseAddress: 0x00000267a9000000, ArchiveRelocationMode: 1.
Compressed class space mapped at: 0x00000267aa000000-0x00000267ea000000, reserved size: 1073741824
Narrow klass base: 0x00000267a9000000, Narrow klass shift: 0, Narrow klass range: 0x100000000

GC Precious Log:
 CardTable entry size: 512
 CPUs: 12 total, 12 available
 Memory: 14181M
 Large Page Support: Disabled
 NUMA Support: Disabled
 Compressed Oops: Enabled (32-bit)
 Alignments: Space 512K, Generation 512K, Heap 2M
 Heap Min Capacity: 100M
 Heap Initial Capacity: 100M
 Heap Max Capacity: 2G
 Pre-touch: Disabled
 Parallel Workers: 10

Heap:
 PSYoungGen      total 12288K, used 11872K [0x00000000d5580000, 0x00000000d6200000, 0x0000000100000000)
  eden space 11776K, 99% used [0x00000000d5580000,0x00000000d60e8258,0x00000000d6100000)
  from space 512K, 37% used [0x00000000d6100000,0x00000000d6130000,0x00000000d6180000)
  to   space 512K, 0% used [0x00000000d6180000,0x00000000d6180000,0x00000000d6200000)
 ParOldGen       total 731136K, used 731107K [0x0000000080000000, 0x00000000aca00000, 0x00000000d5580000)
  object space 731136K, 99% used [0x0000000080000000,0x00000000ac9f8cc0,0x00000000aca00000)
 Metaspace       used 114959K, committed 117056K, reserved 1179648K
  class space    used 11154K, committed 12224K, reserved 1048576K

Card table byte_map: [0x0000026791e50000,0x0000026792260000] _byte_map_base: 0x0000026791a50000

Marking Bits: (ParMarkBitMap*) 0x00007ff8e893a340
 Begin Bits: [0x00000267a4950000, 0x00000267a6950000)
 End Bits:   [0x00000267a6950000, 0x00000267a8950000)

Polling page: 0x0000026790270000

Metaspace:

Usage:
  Non-class:    101.37 MB used.
      Class:     10.89 MB used.
       Both:    112.27 MB used.

Virtual space:
  Non-class space:      128.00 MB reserved,     102.38 MB ( 80%) committed,  2 nodes.
      Class space:        1.00 GB reserved,      11.94 MB (  1%) committed,  1 nodes.
             Both:        1.12 GB reserved,     114.31 MB ( 10%) committed. 

Chunk freelists:
   Non-Class:  9.22 MB
       Class:  4.09 MB
        Both:  13.31 MB

MaxMetaspaceSize: unlimited
CompressedClassSpaceSize: 1.00 GB
Initial GC threshold: 21.00 MB
Current GC threshold: 190.12 MB
CDS: on
 - commit_granule_bytes: 65536.
 - commit_granule_words: 8192.
 - virtual_space_node_default_size: 8388608.
 - enlarge_chunks_in_place: 1.
 - use_allocation_guard: 0.


Internal statistics:

num_allocs_failed_limit: 9.
num_arena_births: 4338.
num_arena_deaths: 1960.
num_vsnodes_births: 3.
num_vsnodes_deaths: 0.
num_space_committed: 1829.
num_space_uncommitted: 0.
num_chunks_returned_to_freelist: 2565.
num_chunks_taken_from_freelist: 11592.
num_chunk_merges: 602.
num_chunk_splits: 5844.
num_chunks_enlarged: 2788.
num_inconsistent_stats: 0.

CodeHeap 'non-profiled nmethods': size=120000Kb used=41440Kb max_used=41440Kb free=78559Kb
 bounds [0x000002679d170000, 0x000002679f9f0000, 0x00000267a46a0000]
CodeHeap 'profiled nmethods': size=120000Kb used=31233Kb max_used=56159Kb free=88767Kb
 bounds [0x00000267956a0000, 0x0000026798d80000, 0x000002679cbd0000]
CodeHeap 'non-nmethods': size=5760Kb used=1576Kb max_used=1672Kb free=4183Kb
 bounds [0x000002679cbd0000, 0x000002679ce40000, 0x000002679d170000]
CodeCache: size=245760Kb, used=74249Kb, max_used=99271Kb, free=171509Kb
 total_blobs=17932, nmethods=17032, adapters=800, full_count=0
Compilation: enabled, stopped_count=0, restarted_count=0

Compilation events (20 events):
Event: 1558340.633 Thread 0x00000267eb2465b0 60389  s    3       org.eclipse.osgi.framework.eventmgr.CopyOnWriteIdentityMap::put (147 bytes)
Event: 1558340.767 Thread 0x00000267eb2465b0 nmethod 60389 0x0000026796ffbe10 code [0x0000026796ffc0c0, 0x0000026796ffd1e8]
Event: 1558340.965 Thread 0x00000267eb2465b0 60392       2       org.eclipse.osgi.framework.eventmgr.CopyOnWriteIdentityMap$Snapshot$EntryIterator::next (5 bytes)
Event: 1558340.965 Thread 0x00000267f3e3c5d0 nmethod 60374 0x000002679f9e0710 code [0x000002679f9e08e0, 0x000002679f9e0ba8]
Event: 1558340.966 Thread 0x00000267f3e3d370 nmethod 60375 0x000002679f9e0e90 code [0x000002679f9e1060, 0x000002679f9e13d8]
Event: 1558340.966 Thread 0x00000267eb2465b0 nmethod 60392 0x0000026796c7ab10 code [0x0000026796c7acc0, 0x0000026796c7ade0]
Event: 1558340.966 Thread 0x00000267f3e3c5d0 60373       4       java.util.concurrent.locks.AbstractQueuedSynchronizer::acquireShared (20 bytes)
Event: 1558340.966 Thread 0x00000267f3e3d370 60370       4       java.util.Collections$SingletonMap::get (20 bytes)
Event: 1558340.967 Thread 0x00000267eb2465b0 60394   !   2       org.eclipse.osgi.internal.weaving.WeavingHookConfigurator::processClass (249 bytes)
Event: 1558340.972 Thread 0x00000267f3e3d370 nmethod 60370 0x000002679f9e1790 code [0x000002679f9e1920, 0x000002679f9e1b80]
Event: 1558340.972 Thread 0x00000267f3e3d370 60383       4       java.lang.Throwable::lockedPrintStackTrace (154 bytes)
Event: 1558341.008 Thread 0x00000267eb2465b0 nmethod 60394 0x0000026796ff9f10 code [0x0000026796ffa240, 0x0000026796ffb210]
Event: 1558341.008 Thread 0x00000267eb2465b0 60393       2       org.eclipse.osgi.framework.eventmgr.CopyOnWriteIdentityMap$Snapshot$SnapshotIterator::nextEntry (58 bytes)
Event: 1558341.014 Thread 0x00000267eb2465b0 nmethod 60393 0x0000026796ff9890 code [0x0000026796ff9a60, 0x0000026796ff9d40]
Event: 1558341.014 Thread 0x00000267eb2465b0 60390       3       org.eclipse.osgi.framework.eventmgr.CopyOnWriteIdentityMap$Entry::<init> (18 bytes)
Event: 1558341.015 Thread 0x00000267eb2465b0 nmethod 60390 0x0000026796ff9290 code [0x0000026796ff9460, 0x0000026796ff9758]
Event: 1558341.015 Thread 0x00000267eb2465b0 60388       3       aQute.bnd.stream.EntryPipeline::<init> (16 bytes)
Event: 1558341.018 Thread 0x00000267eb2465b0 nmethod 60388 0x0000026796c7a410 code [0x0000026796c7a5e0, 0x0000026796c7a9d0]
Event: 1558341.018 Thread 0x00000267eb2465b0 60395       1       org.eclipse.osgi.internal.hookregistry.ClassLoaderHook::rejectTransformation (2 bytes)
Event: 1558341.018 Thread 0x00000267eb2465b0 nmethod 60395 0x000002679f9e1c90 code [0x000002679f9e1e20, 0x000002679f9e1ee8]

GC Heap History (20 events):
Event: 1558337.258 GC heap after
{Heap after GC invocations=66221 (full 55):
 PSYoungGen      total 10240K, used 320K [0x00000000d5580000, 0x00000000d6200000, 0x0000000100000000)
  eden space 9728K, 0% used [0x00000000d5580000,0x00000000d5580000,0x00000000d5f00000)
  from space 512K, 62% used [0x00000000d5f00000,0x00000000d5f50000,0x00000000d5f80000)
  to   space 512K, 0% used [0x00000000d6180000,0x00000000d6180000,0x00000000d6200000)
 ParOldGen       total 731136K, used 730883K [0x0000000080000000, 0x00000000aca00000, 0x00000000d5580000)
  object space 731136K, 99% used [0x0000000080000000,0x00000000ac9c0cc0,0x00000000aca00000)
 Metaspace       used 114941K, committed 117056K, reserved 1179648K
  class space    used 11149K, committed 12224K, reserved 1048576K
}
Event: 1558337.970 GC heap before
{Heap before GC invocations=66222 (full 55):
 PSYoungGen      total 10240K, used 10048K [0x00000000d5580000, 0x00000000d6200000, 0x0000000100000000)
  eden space 9728K, 100% used [0x00000000d5580000,0x00000000d5f00000,0x00000000d5f00000)
  from space 512K, 62% used [0x00000000d5f00000,0x00000000d5f50000,0x00000000d5f80000)
  to   space 512K, 0% used [0x00000000d6180000,0x00000000d6180000,0x00000000d6200000)
 ParOldGen       total 731136K, used 730883K [0x0000000080000000, 0x00000000aca00000, 0x00000000d5580000)
  object space 731136K, 99% used [0x0000000080000000,0x00000000ac9c0cc0,0x00000000aca00000)
 Metaspace       used 114941K, committed 117056K, reserved 1179648K
  class space    used 11149K, committed 12224K, reserved 1048576K
}
Event: 1558338.047 GC heap after
{Heap after GC invocations=66222 (full 55):
 PSYoungGen      total 10240K, used 64K [0x00000000d5580000, 0x00000000d6200000, 0x0000000100000000)
  eden space 9728K, 0% used [0x00000000d5580000,0x00000000d5580000,0x00000000d5f00000)
  from space 512K, 12% used [0x00000000d6180000,0x00000000d6190000,0x00000000d6200000)
  to   space 512K, 0% used [0x00000000d5f00000,0x00000000d5f00000,0x00000000d5f80000)
 ParOldGen       total 731136K, used 730899K [0x0000000080000000, 0x00000000aca00000, 0x00000000d5580000)
  object space 731136K, 99% used [0x0000000080000000,0x00000000ac9c4cc0,0x00000000aca00000)
 Metaspace       used 114941K, committed 117056K, reserved 1179648K
  class space    used 11149K, committed 12224K, reserved 1048576K
}
Event: 1558338.113 GC heap before
{Heap before GC invocations=66223 (full 55):
 PSYoungGen      total 10240K, used 9792K [0x00000000d5580000, 0x00000000d6200000, 0x0000000100000000)
  eden space 9728K, 100% used [0x00000000d5580000,0x00000000d5f00000,0x00000000d5f00000)
  from space 512K, 12% used [0x00000000d6180000,0x00000000d6190000,0x00000000d6200000)
  to   space 512K, 0% used [0x00000000d5f00000,0x00000000d5f00000,0x00000000d5f80000)
 ParOldGen       total 731136K, used 730899K [0x0000000080000000, 0x00000000aca00000, 0x00000000d5580000)
  object space 731136K, 99% used [0x0000000080000000,0x00000000ac9c4cc0,0x00000000aca00000)
 Metaspace       used 114941K, committed 117056K, reserved 1179648K
  class space    used 11149K, committed 12224K, reserved 1048576K
}
Event: 1558338.175 GC heap after
{Heap after GC invocations=66223 (full 55):
 PSYoungGen      total 10240K, used 128K [0x00000000d5580000, 0x00000000d6200000, 0x0000000100000000)
  eden space 9728K, 0% used [0x00000000d5580000,0x00000000d5580000,0x00000000d5f00000)
  from space 512K, 25% used [0x00000000d5f00000,0x00000000d5f20000,0x00000000d5f80000)
  to   space 512K, 0% used [0x00000000d6180000,0x00000000d6180000,0x00000000d6200000)
 ParOldGen       total 731136K, used 730907K [0x0000000080000000, 0x00000000aca00000, 0x00000000d5580000)
  object space 731136K, 99% used [0x0000000080000000,0x00000000ac9c6cc0,0x00000000aca00000)
 Metaspace       used 114941K, committed 117056K, reserved 1179648K
  class space    used 11149K, committed 12224K, reserved 1048576K
}
Event: 1558338.351 GC heap before
{Heap before GC invocations=66224 (full 55):
 PSYoungGen      total 10240K, used 9856K [0x00000000d5580000, 0x00000000d6200000, 0x0000000100000000)
  eden space 9728K, 100% used [0x00000000d5580000,0x00000000d5f00000,0x00000000d5f00000)
  from space 512K, 25% used [0x00000000d5f00000,0x00000000d5f20000,0x00000000d5f80000)
  to   space 512K, 0% used [0x00000000d6180000,0x00000000d6180000,0x00000000d6200000)
 ParOldGen       total 731136K, used 730907K [0x0000000080000000, 0x00000000aca00000, 0x00000000d5580000)
  object space 731136K, 99% used [0x0000000080000000,0x00000000ac9c6cc0,0x00000000aca00000)
 Metaspace       used 114941K, committed 117056K, reserved 1179648K
  class space    used 11149K, committed 12224K, reserved 1048576K
}
Event: 1558338.384 GC heap after
{Heap after GC invocations=66224 (full 55):
 PSYoungGen      total 12288K, used 160K [0x00000000d5580000, 0x00000000d6200000, 0x0000000100000000)
  eden space 11776K, 0% used [0x00000000d5580000,0x00000000d5580000,0x00000000d6100000)
  from space 512K, 31% used [0x00000000d6180000,0x00000000d61a8000,0x00000000d6200000)
  to   space 512K, 0% used [0x00000000d6100000,0x00000000d6100000,0x00000000d6180000)
 ParOldGen       total 731136K, used 730915K [0x0000000080000000, 0x00000000aca00000, 0x00000000d5580000)
  object space 731136K, 99% used [0x0000000080000000,0x00000000ac9c8cc0,0x00000000aca00000)
 Metaspace       used 114941K, committed 117056K, reserved 1179648K
  class space    used 11149K, committed 12224K, reserved 1048576K
}
Event: 1558339.943 GC heap before
{Heap before GC invocations=66225 (full 55):
 PSYoungGen      total 12288K, used 11930K [0x00000000d5580000, 0x00000000d6200000, 0x0000000100000000)
  eden space 11776K, 99% used [0x00000000d5580000,0x00000000d60fe9b0,0x00000000d6100000)
  from space 512K, 31% used [0x00000000d6180000,0x00000000d61a8000,0x00000000d6200000)
  to   space 512K, 0% used [0x00000000d6100000,0x00000000d6100000,0x00000000d6180000)
 ParOldGen       total 731136K, used 730915K [0x0000000080000000, 0x00000000aca00000, 0x00000000d5580000)
  object space 731136K, 99% used [0x0000000080000000,0x00000000ac9c8cc0,0x00000000aca00000)
 Metaspace       used 114942K, committed 117056K, reserved 1179648K
  class space    used 11149K, committed 12224K, reserved 1048576K
}
Event: 1558339.952 GC heap after
{Heap after GC invocations=66225 (full 55):
 PSYoungGen      total 12288K, used 288K [0x00000000d5580000, 0x00000000d6200000, 0x0000000100000000)
  eden space 11776K, 0% used [0x00000000d5580000,0x00000000d5580000,0x00000000d6100000)
  from space 512K, 56% used [0x00000000d6100000,0x00000000d6148000,0x00000000d6180000)
  to   space 512K, 0% used [0x00000000d6180000,0x00000000d6180000,0x00000000d6200000)
 ParOldGen       total 731136K, used 730915K [0x0000000080000000, 0x00000000aca00000, 0x00000000d5580000)
  object space 731136K, 99% used [0x0000000080000000,0x00000000ac9c8cc0,0x00000000aca00000)
 Metaspace       used 114942K, committed 117056K, reserved 1179648K
  class space    used 11149K, committed 12224K, reserved 1048576K
}
Event: 1558340.216 GC heap before
{Heap before GC invocations=66226 (full 55):
 PSYoungGen      total 12288K, used 12064K [0x00000000d5580000, 0x00000000d6200000, 0x0000000100000000)
  eden space 11776K, 100% used [0x00000000d5580000,0x00000000d6100000,0x00000000d6100000)
  from space 512K, 56% used [0x00000000d6100000,0x00000000d6148000,0x00000000d6180000)
  to   space 512K, 0% used [0x00000000d6180000,0x00000000d6180000,0x00000000d6200000)
 ParOldGen       total 731136K, used 730915K [0x0000000080000000, 0x00000000aca00000, 0x00000000d5580000)
  object space 731136K, 99% used [0x0000000080000000,0x00000000ac9c8cc0,0x00000000aca00000)
 Metaspace       used 114942K, committed 117056K, reserved 1179648K
  class space    used 11149K, committed 12224K, reserved 1048576K
}
Event: 1558340.226 GC heap after
{Heap after GC invocations=66226 (full 55):
 PSYoungGen      total 12288K, used 64K [0x00000000d5580000, 0x00000000d6200000, 0x0000000100000000)
  eden space 11776K, 0% used [0x00000000d5580000,0x00000000d5580000,0x00000000d6100000)
  from space 512K, 12% used [0x00000000d6180000,0x00000000d6190000,0x00000000d6200000)
  to   space 512K, 0% used [0x00000000d6100000,0x00000000d6100000,0x00000000d6180000)
 ParOldGen       total 731136K, used 730947K [0x0000000080000000, 0x00000000aca00000, 0x00000000d5580000)
  object space 731136K, 99% used [0x0000000080000000,0x00000000ac9d0cc0,0x00000000aca00000)
 Metaspace       used 114942K, committed 117056K, reserved 1179648K
  class space    used 11149K, committed 12224K, reserved 1048576K
}
Event: 1558340.310 GC heap before
{Heap before GC invocations=66227 (full 55):
 PSYoungGen      total 12288K, used 11840K [0x00000000d5580000, 0x00000000d6200000, 0x0000000100000000)
  eden space 11776K, 100% used [0x00000000d5580000,0x00000000d6100000,0x00000000d6100000)
  from space 512K, 12% used [0x00000000d6180000,0x00000000d6190000,0x00000000d6200000)
  to   space 512K, 0% used [0x00000000d6100000,0x00000000d6100000,0x00000000d6180000)
 ParOldGen       total 731136K, used 730947K [0x0000000080000000, 0x00000000aca00000, 0x00000000d5580000)
  object space 731136K, 99% used [0x0000000080000000,0x00000000ac9d0cc0,0x00000000aca00000)
 Metaspace       used 114942K, committed 117056K, reserved 1179648K
  class space    used 11149K, committed 12224K, reserved 1048576K
}
Event: 1558340.328 GC heap after
{Heap after GC invocations=66227 (full 55):
 PSYoungGen      total 12288K, used 64K [0x00000000d5580000, 0x00000000d6200000, 0x0000000100000000)
  eden space 11776K, 0% used [0x00000000d5580000,0x00000000d5580000,0x00000000d6100000)
  from space 512K, 12% used [0x00000000d6100000,0x00000000d6110000,0x00000000d6180000)
  to   space 512K, 0% used [0x00000000d6180000,0x00000000d6180000,0x00000000d6200000)
 ParOldGen       total 731136K, used 730963K [0x0000000080000000, 0x00000000aca00000, 0x00000000d5580000)
  object space 731136K, 99% used [0x0000000080000000,0x00000000ac9d4cc0,0x00000000aca00000)
 Metaspace       used 114942K, committed 117056K, reserved 1179648K
  class space    used 11149K, committed 12224K, reserved 1048576K
}
Event: 1558340.516 GC heap before
{Heap before GC invocations=66228 (full 55):
 PSYoungGen      total 12288K, used 11840K [0x00000000d5580000, 0x00000000d6200000, 0x0000000100000000)
  eden space 11776K, 100% used [0x00000000d5580000,0x00000000d6100000,0x00000000d6100000)
  from space 512K, 12% used [0x00000000d6100000,0x00000000d6110000,0x00000000d6180000)
  to   space 512K, 0% used [0x00000000d6180000,0x00000000d6180000,0x00000000d6200000)
 ParOldGen       total 731136K, used 730963K [0x0000000080000000, 0x00000000aca00000, 0x00000000d5580000)
  object space 731136K, 99% used [0x0000000080000000,0x00000000ac9d4cc0,0x00000000aca00000)
 Metaspace       used 114943K, committed 117056K, reserved 1179648K
  class space    used 11149K, committed 12224K, reserved 1048576K
}
Event: 1558340.533 GC heap after
{Heap after GC invocations=66228 (full 55):
 PSYoungGen      total 12288K, used 256K [0x00000000d5580000, 0x00000000d6200000, 0x0000000100000000)
  eden space 11776K, 0% used [0x00000000d5580000,0x00000000d5580000,0x00000000d6100000)
  from space 512K, 50% used [0x00000000d6180000,0x00000000d61c0000,0x00000000d6200000)
  to   space 512K, 0% used [0x00000000d6100000,0x00000000d6100000,0x00000000d6180000)
 ParOldGen       total 731136K, used 730979K [0x0000000080000000, 0x00000000aca00000, 0x00000000d5580000)
  object space 731136K, 99% used [0x0000000080000000,0x00000000ac9d8cc0,0x00000000aca00000)
 Metaspace       used 114943K, committed 117056K, reserved 1179648K
  class space    used 11149K, committed 12224K, reserved 1048576K
}
Event: 1558340.602 GC heap before
{Heap before GC invocations=66229 (full 55):
 PSYoungGen      total 12288K, used 12032K [0x00000000d5580000, 0x00000000d6200000, 0x0000000100000000)
  eden space 11776K, 100% used [0x00000000d5580000,0x00000000d6100000,0x00000000d6100000)
  from space 512K, 50% used [0x00000000d6180000,0x00000000d61c0000,0x00000000d6200000)
  to   space 512K, 0% used [0x00000000d6100000,0x00000000d6100000,0x00000000d6180000)
 ParOldGen       total 731136K, used 730979K [0x0000000080000000, 0x00000000aca00000, 0x00000000d5580000)
  object space 731136K, 99% used [0x0000000080000000,0x00000000ac9d8cc0,0x00000000aca00000)
 Metaspace       used 114945K, committed 117056K, reserved 1179648K
  class space    used 11150K, committed 12224K, reserved 1048576K
}
Event: 1558340.612 GC heap after
{Heap after GC invocations=66229 (full 55):
 PSYoungGen      total 12288K, used 224K [0x00000000d5580000, 0x00000000d6200000, 0x0000000100000000)
  eden space 11776K, 0% used [0x00000000d5580000,0x00000000d5580000,0x00000000d6100000)
  from space 512K, 43% used [0x00000000d6100000,0x00000000d6138000,0x00000000d6180000)
  to   space 512K, 0% used [0x00000000d6180000,0x00000000d6180000,0x00000000d6200000)
 ParOldGen       total 731136K, used 731027K [0x0000000080000000, 0x00000000aca00000, 0x00000000d5580000)
  object space 731136K, 99% used [0x0000000080000000,0x00000000ac9e4cc0,0x00000000aca00000)
 Metaspace       used 114945K, committed 117056K, reserved 1179648K
  class space    used 11150K, committed 12224K, reserved 1048576K
}
Event: 1558340.961 GC heap before
{Heap before GC invocations=66230 (full 55):
 PSYoungGen      total 12288K, used 12000K [0x00000000d5580000, 0x00000000d6200000, 0x0000000100000000)
  eden space 11776K, 100% used [0x00000000d5580000,0x00000000d6100000,0x00000000d6100000)
  from space 512K, 43% used [0x00000000d6100000,0x00000000d6138000,0x00000000d6180000)
  to   space 512K, 0% used [0x00000000d6180000,0x00000000d6180000,0x00000000d6200000)
 ParOldGen       total 731136K, used 731027K [0x0000000080000000, 0x00000000aca00000, 0x00000000d5580000)
  object space 731136K, 99% used [0x0000000080000000,0x00000000ac9e4cc0,0x00000000aca00000)
 Metaspace       used 114949K, committed 117056K, reserved 1179648K
  class space    used 11151K, committed 12224K, reserved 1048576K
}
Event: 1558340.964 GC heap after
{Heap after GC invocations=66230 (full 55):
 PSYoungGen      total 12288K, used 288K [0x00000000d5580000, 0x00000000d6200000, 0x0000000100000000)
  eden space 11776K, 0% used [0x00000000d5580000,0x00000000d5580000,0x00000000d6100000)
  from space 512K, 56% used [0x00000000d6180000,0x00000000d61c8000,0x00000000d6200000)
  to   space 512K, 0% used [0x00000000d6100000,0x00000000d6100000,0x00000000d6180000)
 ParOldGen       total 731136K, used 731043K [0x0000000080000000, 0x00000000aca00000, 0x00000000d5580000)
  object space 731136K, 99% used [0x0000000080000000,0x00000000ac9e8cc0,0x00000000aca00000)
 Metaspace       used 114949K, committed 117056K, reserved 1179648K
  class space    used 11151K, committed 12224K, reserved 1048576K
}
Event: 1558341.948 GC heap before
{Heap before GC invocations=66231 (full 55):
 PSYoungGen      total 12288K, used 12064K [0x00000000d5580000, 0x00000000d6200000, 0x0000000100000000)
  eden space 11776K, 100% used [0x00000000d5580000,0x00000000d6100000,0x00000000d6100000)
  from space 512K, 56% used [0x00000000d6180000,0x00000000d61c8000,0x00000000d6200000)
  to   space 512K, 0% used [0x00000000d6100000,0x00000000d6100000,0x00000000d6180000)
 ParOldGen       total 731136K, used 731043K [0x0000000080000000, 0x00000000aca00000, 0x00000000d5580000)
  object space 731136K, 99% used [0x0000000080000000,0x00000000ac9e8cc0,0x00000000aca00000)
 Metaspace       used 114952K, committed 117056K, reserved 1179648K
  class space    used 11153K, committed 12224K, reserved 1048576K
}

Dll operation events (12 events):
Event: 0.016 Loaded shared library c:\Users\stogh\.vscode\extensions\redhat.java-1.45.0-win32-x64\jre\21.0.8-win32-x86_64\bin\java.dll
Event: 0.079 Loaded shared library c:\Users\stogh\.vscode\extensions\redhat.java-1.45.0-win32-x64\jre\21.0.8-win32-x86_64\bin\zip.dll
Event: 0.100 Loaded shared library C:\Users\stogh\.vscode\extensions\redhat.java-1.45.0-win32-x64\jre\21.0.8-win32-x86_64\bin\instrument.dll
Event: 0.106 Loaded shared library C:\Users\stogh\.vscode\extensions\redhat.java-1.45.0-win32-x64\jre\21.0.8-win32-x86_64\bin\net.dll
Event: 0.109 Loaded shared library C:\Users\stogh\.vscode\extensions\redhat.java-1.45.0-win32-x64\jre\21.0.8-win32-x86_64\bin\nio.dll
Event: 0.114 Loaded shared library C:\Users\stogh\.vscode\extensions\redhat.java-1.45.0-win32-x64\jre\21.0.8-win32-x86_64\bin\zip.dll
Event: 0.135 Loaded shared library C:\Users\stogh\.vscode\extensions\redhat.java-1.45.0-win32-x64\jre\21.0.8-win32-x86_64\bin\jimage.dll
Event: 0.255 Loaded shared library c:\Users\stogh\.vscode\extensions\redhat.java-1.45.0-win32-x64\jre\21.0.8-win32-x86_64\bin\verify.dll
Event: 2.220 Loaded shared library C:\Users\stogh\AppData\Roaming\Code\User\globalStorage\redhat.java\1.45.0\config_win\org.eclipse.equinox.launcher\org.eclipse.equinox.launcher.win32.win32.x86_64_1.2.1400.v20250801-0854\eclipse_11916.dll
Event: 6.708 Loaded shared library C:\Users\stogh\AppData\Local\Temp\jna-109770639\jna939204019781499339.dll
Event: 10.169 Loaded shared library C:\Users\stogh\.vscode\extensions\redhat.java-1.45.0-win32-x64\jre\21.0.8-win32-x86_64\bin\sunmscapi.dll
Event: 11.067 Loaded shared library C:\Users\stogh\.vscode\extensions\redhat.java-1.45.0-win32-x64\jre\21.0.8-win32-x86_64\bin\extnet.dll

Deoptimization events (20 events):
Event: 1558335.713 Thread 0x00000267f29cff20 Uncommon trap: trap_request=0xffffffde fr.pc=0x000002679ec43a2c relative=0x0000000000000f4c
Event: 1558335.723 Thread 0x00000267f29cff20 Uncommon trap: reason=class_check action=maybe_recompile pc=0x000002679ec43a2c method=org.eclipse.core.internal.jobs.JobManager.currentJob()Lorg/eclipse/core/runtime/jobs/Job; @ 45 c2
Event: 1558335.723 Thread 0x00000267f29cff20 DEOPT PACKING pc=0x000002679ec43a2c sp=0x000000f2cecff3b0
Event: 1558335.784 Thread 0x00000267f29cff20 DEOPT UNPACKING pc=0x000002679cc23aa2 sp=0x000000f2cecff2c0 mode 2
Event: 1558336.909 Thread 0x00000267f29d05b0 Uncommon trap: trap_request=0xffffffcc fr.pc=0x000002679f9dd76c relative=0x000000000000022c
Event: 1558336.909 Thread 0x00000267f29d05b0 Uncommon trap: reason=intrinsic_or_type_checked_inlining action=make_not_entrant pc=0x000002679f9dd76c method=java.util.concurrent.CopyOnWriteArrayList.toArray([Ljava/lang/Object;)[Ljava/lang/Object; @ 29 c2
Event: 1558336.909 Thread 0x00000267f29d05b0 DEOPT PACKING pc=0x000002679f9dd76c sp=0x000000f2ceefef00
Event: 1558336.911 Thread 0x00000267f29d05b0 DEOPT UNPACKING pc=0x000002679cc23aa2 sp=0x000000f2ceefee90 mode 2
Event: 1558337.116 Thread 0x00000267f29d05b0 Uncommon trap: trap_request=0xffffffdc fr.pc=0x000002679f9de0b4 relative=0x00000000000001f4
Event: 1558337.116 Thread 0x00000267f29d05b0 Uncommon trap: reason=class_check action=make_not_entrant pc=0x000002679f9de0b4 method=java.util.concurrent.CopyOnWriteArrayList.toArray([Ljava/lang/Object;)[Ljava/lang/Object; @ 20 c2
Event: 1558337.116 Thread 0x00000267f29d05b0 DEOPT PACKING pc=0x000002679f9de0b4 sp=0x000000f2ceefeed0
Event: 1558337.159 Thread 0x00000267f29d05b0 DEOPT UNPACKING pc=0x000002679cc23aa2 sp=0x000000f2ceefee80 mode 2
Event: 1558340.575 Thread 0x00000267f239a410 Uncommon trap: trap_request=0xffffff45 fr.pc=0x000002679f3bc128 relative=0x0000000000000308
Event: 1558340.575 Thread 0x00000267f239a410 Uncommon trap: reason=unstable_if action=reinterpret pc=0x000002679f3bc128 method=org.eclipse.core.internal.runtime.PlatformLogWriter.isLoggable(Lorg/osgi/framework/Bundle;Ljava/lang/String;I)Z @ 6 c2
Event: 1558340.575 Thread 0x00000267f239a410 DEOPT PACKING pc=0x000002679f3bc128 sp=0x000000f2cdafd560
Event: 1558340.575 Thread 0x00000267f239a410 DEOPT UNPACKING pc=0x000002679cc23aa2 sp=0x000000f2cdafd520 mode 2
Event: 1558340.575 Thread 0x00000267f239a410 Uncommon trap: trap_request=0xffffff45 fr.pc=0x000002679e180ec0 relative=0x0000000000000200
Event: 1558340.576 Thread 0x00000267f239a410 Uncommon trap: reason=unstable_if action=reinterpret pc=0x000002679e180ec0 method=org.eclipse.core.internal.runtime.Log.isLoggable(Lorg/osgi/framework/Bundle;Ljava/lang/String;I)Z @ 6 c2
Event: 1558340.576 Thread 0x00000267f239a410 DEOPT PACKING pc=0x000002679e180ec0 sp=0x000000f2cdafd580
Event: 1558340.577 Thread 0x00000267f239a410 DEOPT UNPACKING pc=0x000002679cc23aa2 sp=0x000000f2cdafd520 mode 2

Classes loaded (20 events):
Event: 1137264.649 Loading class jdk/internal/module/IllegalAccessLogger
Event: 1137264.649 Loading class jdk/internal/module/IllegalAccessLogger done
Event: 1137333.200 Loading class jdk/internal/module/IllegalAccessLogger
Event: 1137333.200 Loading class jdk/internal/module/IllegalAccessLogger done
Event: 1137372.154 Loading class jdk/internal/module/IllegalAccessLogger
Event: 1137372.154 Loading class jdk/internal/module/IllegalAccessLogger done
Event: 1137569.971 Loading class jdk/internal/module/IllegalAccessLogger
Event: 1137569.971 Loading class jdk/internal/module/IllegalAccessLogger done
Event: 1137901.153 Loading class jdk/internal/module/IllegalAccessLogger
Event: 1137901.153 Loading class jdk/internal/module/IllegalAccessLogger done
Event: 1137928.574 Loading class jdk/internal/module/IllegalAccessLogger
Event: 1137928.574 Loading class jdk/internal/module/IllegalAccessLogger done
Event: 1137949.346 Loading class jdk/internal/module/IllegalAccessLogger
Event: 1137949.346 Loading class jdk/internal/module/IllegalAccessLogger done
Event: 1138017.893 Loading class jdk/internal/module/IllegalAccessLogger
Event: 1138017.893 Loading class jdk/internal/module/IllegalAccessLogger done
Event: 1558314.613 Loading class java/util/concurrent/Executors$DelegatedScheduledExecutorService
Event: 1558314.743 Loading class java/util/concurrent/Executors$DelegatedExecutorService
Event: 1558314.766 Loading class java/util/concurrent/Executors$DelegatedExecutorService done
Event: 1558314.871 Loading class java/util/concurrent/Executors$DelegatedScheduledExecutorService done

Classes unloaded (20 events):
Event: 1137306.184 Thread 0x00000267924440b0 Unloading class 0x00000267aa9de400 'java/lang/invoke/LambdaForm$MH+0x00000267aa9de400'
Event: 1137306.184 Thread 0x00000267924440b0 Unloading class 0x00000267aaa14000 'jdk/internal/reflect/GeneratedSerializationConstructorAccessor240'
Event: 1137306.184 Thread 0x00000267924440b0 Unloading class 0x00000267aaa18000 'jdk/internal/reflect/GeneratedSerializationConstructorAccessor239'
Event: 1137306.184 Thread 0x00000267924440b0 Unloading class 0x00000267aa5cd000 'jdk/internal/reflect/GeneratedSerializationConstructorAccessor238'
Event: 1137306.184 Thread 0x00000267924440b0 Unloading class 0x00000267aa6bc400 'jdk/internal/reflect/GeneratedSerializationConstructorAccessor237'
Event: 1137306.184 Thread 0x00000267924440b0 Unloading class 0x00000267aa979400 'jdk/internal/reflect/GeneratedSerializationConstructorAccessor236'
Event: 1137306.184 Thread 0x00000267924440b0 Unloading class 0x00000267aa930000 'jdk/internal/reflect/GeneratedSerializationConstructorAccessor235'
Event: 1137306.184 Thread 0x00000267924440b0 Unloading class 0x00000267aa2ab800 'jdk/internal/reflect/GeneratedSerializationConstructorAccessor234'
Event: 1137306.184 Thread 0x00000267924440b0 Unloading class 0x00000267aa2a5c00 'jdk/internal/reflect/GeneratedSerializationConstructorAccessor233'
Event: 1137306.184 Thread 0x00000267924440b0 Unloading class 0x00000267aa2a4800 'jdk/internal/reflect/GeneratedSerializationConstructorAccessor232'
Event: 1137306.184 Thread 0x00000267924440b0 Unloading class 0x00000267aa2a3400 'jdk/internal/reflect/GeneratedSerializationConstructorAccessor231'
Event: 1137306.184 Thread 0x00000267924440b0 Unloading class 0x00000267aa29e800 'jdk/internal/reflect/GeneratedSerializationConstructorAccessor230'
Event: 1137306.184 Thread 0x00000267924440b0 Unloading class 0x00000267aa29e000 'jdk/internal/reflect/GeneratedSerializationConstructorAccessor229'
Event: 1137306.184 Thread 0x00000267924440b0 Unloading class 0x00000267aaaac000 'java/lang/invoke/LambdaForm$MH+0x00000267aaaac000'
Event: 1137306.184 Thread 0x00000267924440b0 Unloading class 0x00000267aab15c00 'java/lang/invoke/LambdaForm$MH+0x00000267aab15c00'
Event: 1137306.184 Thread 0x00000267924440b0 Unloading class 0x00000267aa8b4400 'java/lang/invoke/LambdaForm$MH+0x00000267aa8b4400'
Event: 1137306.184 Thread 0x00000267924440b0 Unloading class 0x00000267aab38c00 'java/lang/invoke/LambdaForm$MH+0x00000267aab38c00'
Event: 1137306.184 Thread 0x00000267924440b0 Unloading class 0x00000267aabe0c00 'java/lang/invoke/LambdaForm$MH+0x00000267aabe0c00'
Event: 1137306.184 Thread 0x00000267924440b0 Unloading class 0x00000267aa9d4800 'java/lang/invoke/LambdaForm$MH+0x00000267aa9d4800'
Event: 1137306.184 Thread 0x00000267924440b0 Unloading class 0x00000267aabe3400 'java/lang/invoke/LambdaForm$BMH+0x00000267aabe3400'

Classes redefined (0 events):
No events

Internal exceptions (20 events):
Event: 1558341.035 Thread 0x00000267f29d05b0 Exception <a 'java/io/IOException'{0x00000000d607fe10}> (0x00000000d607fe10) 
thrown [s\src\hotspot\share\prims\jni.cpp, line 520]
Event: 1558341.035 Thread 0x00000267f29d05b0 Exception <a 'java/io/IOException'{0x00000000d6082f08}> (0x00000000d6082f08) 
thrown [s\src\hotspot\share\prims\jni.cpp, line 520]
Event: 1558341.035 Thread 0x00000267f29d05b0 Exception <a 'java/io/IOException'{0x00000000d6092498}> (0x00000000d6092498) 
thrown [s\src\hotspot\share\prims\jni.cpp, line 520]
Event: 1558341.035 Thread 0x00000267f29d05b0 Exception <a 'java/io/IOException'{0x00000000d60927b0}> (0x00000000d60927b0) 
thrown [s\src\hotspot\share\prims\jni.cpp, line 520]
Event: 1558341.035 Thread 0x00000267f29d05b0 Exception <a 'java/io/IOException'{0x00000000d60958a8}> (0x00000000d60958a8) 
thrown [s\src\hotspot\share\prims\jni.cpp, line 520]
Event: 1558341.036 Thread 0x00000267f29d05b0 Exception <a 'java/io/IOException'{0x00000000d60a5b50}> (0x00000000d60a5b50) 
thrown [s\src\hotspot\share\prims\jni.cpp, line 520]
Event: 1558341.036 Thread 0x00000267f29d05b0 Exception <a 'java/io/IOException'{0x00000000d60a5e68}> (0x00000000d60a5e68) 
thrown [s\src\hotspot\share\prims\jni.cpp, line 520]
Event: 1558341.036 Thread 0x00000267f29d05b0 Exception <a 'java/io/IOException'{0x00000000d60a8f60}> (0x00000000d60a8f60) 
thrown [s\src\hotspot\share\prims\jni.cpp, line 520]
Event: 1558341.036 Thread 0x00000267f29d05b0 Exception <a 'java/io/IOException'{0x00000000d60b84f0}> (0x00000000d60b84f0) 
thrown [s\src\hotspot\share\prims\jni.cpp, line 520]
Event: 1558341.036 Thread 0x00000267f29d05b0 Exception <a 'java/io/IOException'{0x00000000d60b8808}> (0x00000000d60b8808) 
thrown [s\src\hotspot\share\prims\jni.cpp, line 520]
Event: 1558341.036 Thread 0x00000267f29d05b0 Exception <a 'java/io/IOException'{0x00000000d60bb900}> (0x00000000d60bb900) 
thrown [s\src\hotspot\share\prims\jni.cpp, line 520]
Event: 1558341.037 Thread 0x00000267f29d05b0 Exception <a 'java/io/IOException'{0x00000000d60cae90}> (0x00000000d60cae90) 
thrown [s\src\hotspot\share\prims\jni.cpp, line 520]
Event: 1558341.037 Thread 0x00000267f29d05b0 Exception <a 'java/io/IOException'{0x00000000d60cb1a8}> (0x00000000d60cb1a8) 
thrown [s\src\hotspot\share\prims\jni.cpp, line 520]
Event: 1558341.037 Thread 0x00000267f29d05b0 Exception <a 'java/io/IOException'{0x00000000d60ce2a0}> (0x00000000d60ce2a0) 
thrown [s\src\hotspot\share\prims\jni.cpp, line 520]
Event: 1558341.037 Thread 0x00000267f29d05b0 Exception <a 'java/io/IOException'{0x00000000d60ddb60}> (0x00000000d60ddb60) 
thrown [s\src\hotspot\share\prims\jni.cpp, line 520]
Event: 1558341.037 Thread 0x00000267f29d05b0 Exception <a 'java/io/IOException'{0x00000000d60dde78}> (0x00000000d60dde78) 
thrown [s\src\hotspot\share\prims\jni.cpp, line 520]
Event: 1558341.037 Thread 0x00000267f29d05b0 Exception <a 'java/io/IOException'{0x00000000d60e0f70}> (0x00000000d60e0f70) 
thrown [s\src\hotspot\share\prims\jni.cpp, line 520]
Event: 1558341.038 Thread 0x00000267f29d05b0 Exception <a 'java/io/IOException'{0x00000000d60f0500}> (0x00000000d60f0500) 
thrown [s\src\hotspot\share\prims\jni.cpp, line 520]
Event: 1558341.038 Thread 0x00000267f29d05b0 Exception <a 'java/io/IOException'{0x00000000d60f0818}> (0x00000000d60f0818) 
thrown [s\src\hotspot\share\prims\jni.cpp, line 520]
Event: 1558341.038 Thread 0x00000267f29d05b0 Exception <a 'java/io/IOException'{0x00000000d60f3910}> (0x00000000d60f3910) 
thrown [s\src\hotspot\share\prims\jni.cpp, line 520]

ZGC Phase Switch (0 events):
No events

VM Operations (20 events):
Event: 1558337.258 Executing VM operation: ParallelGCFailedAllocation (Allocation Failure) done
Event: 1558337.333 Executing VM operation: ParallelGCFailedAllocation (Allocation Failure)
Event: 1558338.047 Executing VM operation: ParallelGCFailedAllocation (Allocation Failure) done
Event: 1558338.082 Executing VM operation: ParallelGCFailedAllocation (Allocation Failure)
Event: 1558338.175 Executing VM operation: ParallelGCFailedAllocation (Allocation Failure) done
Event: 1558338.334 Executing VM operation: ParallelGCFailedAllocation (Allocation Failure)
Event: 1558338.384 Executing VM operation: ParallelGCFailedAllocation (Allocation Failure) done
Event: 1558339.829 Executing VM operation: ParallelGCFailedAllocation (Allocation Failure)
Event: 1558339.952 Executing VM operation: ParallelGCFailedAllocation (Allocation Failure) done
Event: 1558340.024 Executing VM operation: ParallelGCFailedAllocation (Allocation Failure)
Event: 1558340.226 Executing VM operation: ParallelGCFailedAllocation (Allocation Failure) done
Event: 1558340.282 Executing VM operation: ParallelGCFailedAllocation (Allocation Failure)
Event: 1558340.328 Executing VM operation: ParallelGCFailedAllocation (Allocation Failure) done
Event: 1558340.410 Executing VM operation: ParallelGCFailedAllocation (Allocation Failure)
Event: 1558340.533 Executing VM operation: ParallelGCFailedAllocation (Allocation Failure) done
Event: 1558340.602 Executing VM operation: ParallelGCFailedAllocation (Allocation Failure)
Event: 1558340.612 Executing VM operation: ParallelGCFailedAllocation (Allocation Failure) done
Event: 1558340.763 Executing VM operation: ParallelGCFailedAllocation (Allocation Failure)
Event: 1558340.965 Executing VM operation: ParallelGCFailedAllocation (Allocation Failure) done
Event: 1558341.038 Executing VM operation: ParallelGCFailedAllocation (Allocation Failure)

Memory protections (0 events):
No events

Nmethod flushes (20 events):
Event: 1137925.674 Thread 0x00000267924440b0 flushing  nmethod 0x0000026797420210
Event: 1137925.674 Thread 0x00000267924440b0 flushing  nmethod 0x00000267976c4790
Event: 1137925.674 Thread 0x00000267924440b0 flushing  nmethod 0x0000026797b57f10
Event: 1137925.674 Thread 0x00000267924440b0 flushing  nmethod 0x0000026797b5e290
Event: 1137925.674 Thread 0x00000267924440b0 flushing  nmethod 0x0000026797b93490
Event: 1137925.674 Thread 0x00000267924440b0 flushing  nmethod 0x0000026797c0ba90
Event: 1137925.674 Thread 0x00000267924440b0 flushing  nmethod 0x0000026797c68c90
Event: 1137925.674 Thread 0x00000267924440b0 flushing  nmethod 0x0000026797d6fc90
Event: 1137925.674 Thread 0x00000267924440b0 flushing  nmethod 0x0000026797e5aa10
Event: 1137925.674 Thread 0x00000267924440b0 flushing  nmethod 0x00000267980ee210
Event: 1137925.674 Thread 0x00000267924440b0 flushing  nmethod 0x0000026798265310
Event: 1137925.674 Thread 0x00000267924440b0 flushing  nmethod 0x00000267983faa10
Event: 1137925.674 Thread 0x00000267924440b0 flushing  nmethod 0x0000026798443010
Event: 1137925.674 Thread 0x00000267924440b0 flushing  nmethod 0x00000267984c4410
Event: 1137925.674 Thread 0x00000267924440b0 flushing  nmethod 0x0000026798508610
Event: 1137925.674 Thread 0x00000267924440b0 flushing  nmethod 0x00000267987dab10
Event: 1137925.674 Thread 0x00000267924440b0 flushing  nmethod 0x00000267989dc290
Event: 1137925.674 Thread 0x00000267924440b0 flushing  nmethod 0x0000026798a82590
Event: 1137925.674 Thread 0x00000267924440b0 flushing  nmethod 0x0000026798d28490
Event: 1137925.674 Thread 0x00000267924440b0 flushing  nmethod 0x0000026798d37790

Events (20 events):
Event: 1500352.360 Thread 0x00000267f14a22f0 Thread exited: 0x00000267f14a22f0
Event: 1500439.393 Thread 0x00000267f2d119d0 Thread added: 0x00000267f44e88b0
Event: 1500439.394 Thread 0x00000267f44e88b0 Thread added: 0x00000267f44e6150
Event: 1500439.403 Thread 0x00000267f44e6150 Thread added: 0x00000267f44e6e70
Event: 1500439.616 Thread 0x00000267f44e88b0 Thread added: 0x00000267f44e67e0
Event: 1500439.616 Thread 0x00000267f44e6e70 Thread exited: 0x00000267f44e6e70
Event: 1500439.759 Thread 0x00000267f44e67e0 Thread added: 0x00000267f44e8f40
Event: 1500439.760 Thread 0x00000267f44e67e0 Thread exited: 0x00000267f44e67e0
Event: 1500503.185 Thread 0x00000267f44ed0e0 Thread exited: 0x00000267f44ed0e0
Event: 1500563.199 Thread 0x00000267f44ea2f0 Thread exited: 0x00000267f44ea2f0
Event: 1500623.213 Thread 0x00000267f44e8220 Thread exited: 0x00000267f44e8220
Event: 1500683.217 Thread 0x00000267f44ebd30 Thread exited: 0x00000267f44ebd30
Event: 1501181.832 Thread 0x00000267f29d05b0 Thread added: 0x00000267f44e67e0
Event: 1501241.845 Thread 0x00000267f44e67e0 Thread exited: 0x00000267f44e67e0
Event: 1501332.770 Thread 0x00000267f29d05b0 Thread added: 0x00000267f44e67e0
Event: 1501395.391 Thread 0x00000267f44e67e0 Thread exited: 0x00000267f44e67e0
Event: 1558335.081 Thread 0x00000267eb2465b0 Thread added: 0x00000267f3e3d370
Event: 1558335.681 Thread 0x00000267f29cff20 Thread added: 0x00000267f44e67e0
Event: 1558336.187 Thread 0x00000267f44e6150 Thread exited: 0x00000267f44e6150
Event: 1558340.623 Thread 0x00000267eb2465b0 Thread added: 0x00000267f3e3c5d0


Dynamic libraries:
0x00007ff70a570000 - 0x00007ff70a57e000 	c:\Users\stogh\.vscode\extensions\redhat.java-1.45.0-win32-x64\jre\21.0.8-win32-x86_64\bin\java.exe
0x00007ff981760000 - 0x00007ff9819c9000 	C:\WINDOWS\SYSTEM32\ntdll.dll
0x00007ff980f70000 - 0x00007ff981039000 	C:\WINDOWS\System32\KERNEL32.DLL
0x00007ff97ec00000 - 0x00007ff97eff3000 	C:\WINDOWS\System32\KERNELBASE.dll
0x00007ff97f000000 - 0x00007ff97f14b000 	C:\WINDOWS\System32\ucrtbase.dll
0x00007ff975e90000 - 0x00007ff975ea8000 	c:\Users\stogh\.vscode\extensions\redhat.java-1.45.0-win32-x64\jre\21.0.8-win32-x86_64\bin\jli.dll
0x00007ff943d70000 - 0x00007ff943d8e000 	c:\Users\stogh\.vscode\extensions\redhat.java-1.45.0-win32-x64\jre\21.0.8-win32-x86_64\bin\VCRUNTIME140.dll
0x00007ff97f5b0000 - 0x00007ff97f774000 	C:\WINDOWS\System32\USER32.dll
0x00007ff97ebd0000 - 0x00007ff97ebf7000 	C:\WINDOWS\System32\win32u.dll
0x00007ff981460000 - 0x00007ff98148b000 	C:\WINDOWS\System32\GDI32.dll
0x00007ff965330000 - 0x00007ff9655c3000 	C:\WINDOWS\WinSxS\amd64_microsoft.windows.common-controls_6595b64144ccf1df_6.0.26100.5074_none_3e0d6f78e32fd63f\COMCTL32.dll
0x00007ff97f400000 - 0x00007ff97f52d000 	C:\WINDOWS\System32\gdi32full.dll
0x00007ff9810d0000 - 0x00007ff981179000 	C:\WINDOWS\System32\msvcrt.dll
0x00007ff97e8f0000 - 0x00007ff97e993000 	C:\WINDOWS\System32\msvcp_win.dll
0x00007ff980dd0000 - 0x00007ff980dff000 	C:\WINDOWS\System32\IMM32.DLL
0x00007ff9785a0000 - 0x00007ff9785ac000 	c:\Users\stogh\.vscode\extensions\redhat.java-1.45.0-win32-x64\jre\21.0.8-win32-x86_64\bin\vcruntime140_1.dll
0x00007ff8ee370000 - 0x00007ff8ee3fd000 	c:\Users\stogh\.vscode\extensions\redhat.java-1.45.0-win32-x64\jre\21.0.8-win32-x86_64\bin\msvcp140.dll
0x00007ff8e7c80000 - 0x00007ff8e8a17000 	c:\Users\stogh\.vscode\extensions\redhat.java-1.45.0-win32-x64\jre\21.0.8-win32-x86_64\bin\server\jvm.dll
0x00007ff9815b0000 - 0x00007ff981664000 	C:\WINDOWS\System32\ADVAPI32.dll
0x00007ff981670000 - 0x00007ff981716000 	C:\WINDOWS\System32\sechost.dll
0x00007ff981490000 - 0x00007ff9815a8000 	C:\WINDOWS\System32\RPCRT4.dll
0x00007ff980ef0000 - 0x00007ff980f64000 	C:\WINDOWS\System32\WS2_32.dll
0x00007ff97e770000 - 0x00007ff97e7ce000 	C:\WINDOWS\SYSTEM32\POWRPROF.dll
0x00007ff9785c0000 - 0x00007ff9785cb000 	C:\WINDOWS\SYSTEM32\VERSION.dll
0x00007ff977f70000 - 0x00007ff977fa5000 	C:\WINDOWS\SYSTEM32\WINMM.dll
0x00007ff97e730000 - 0x00007ff97e744000 	C:\WINDOWS\SYSTEM32\UMPDC.dll
0x00007ff97d6d0000 - 0x00007ff97d6eb000 	C:\WINDOWS\SYSTEM32\kernel.appcore.dll
0x00007ff96d4b0000 - 0x00007ff96d4ba000 	c:\Users\stogh\.vscode\extensions\redhat.java-1.45.0-win32-x64\jre\21.0.8-win32-x86_64\bin\jimage.dll
0x00007ff96c530000 - 0x00007ff96c772000 	C:\WINDOWS\SYSTEM32\DBGHELP.DLL
0x00007ff97fd70000 - 0x00007ff9800eb000 	C:\WINDOWS\System32\combase.dll
0x00007ff980e10000 - 0x00007ff980ee7000 	C:\WINDOWS\System32\OLEAUT32.dll
0x00007ff964110000 - 0x00007ff96414d000 	C:\WINDOWS\SYSTEM32\dbgcore.DLL
0x00007ff97f360000 - 0x00007ff97f3f9000 	C:\WINDOWS\System32\bcryptPrimitives.dll
0x00007ff96d490000 - 0x00007ff96d49f000 	c:\Users\stogh\.vscode\extensions\redhat.java-1.45.0-win32-x64\jre\21.0.8-win32-x86_64\bin\instrument.dll
0x00007ff93b3c0000 - 0x00007ff93b3df000 	c:\Users\stogh\.vscode\extensions\redhat.java-1.45.0-win32-x64\jre\21.0.8-win32-x86_64\bin\java.dll
0x00007ff9800f0000 - 0x00007ff98083d000 	C:\WINDOWS\System32\SHELL32.dll
0x00007ff97e9a0000 - 0x00007ff97eb0c000 	C:\WINDOWS\System32\wintypes.dll
0x00007ff97c540000 - 0x00007ff97cd99000 	C:\WINDOWS\SYSTEM32\windows.storage.dll
0x00007ff981180000 - 0x00007ff981270000 	C:\WINDOWS\System32\SHCORE.dll
0x00007ff980840000 - 0x00007ff9808a2000 	C:\WINDOWS\System32\shlwapi.dll
0x00007ff97e810000 - 0x00007ff97e839000 	C:\WINDOWS\SYSTEM32\profapi.dll
0x00007ff926520000 - 0x00007ff926538000 	c:\Users\stogh\.vscode\extensions\redhat.java-1.45.0-win32-x64\jre\21.0.8-win32-x86_64\bin\zip.dll
0x00007ff969270000 - 0x00007ff969280000 	C:\Users\stogh\.vscode\extensions\redhat.java-1.45.0-win32-x64\jre\21.0.8-win32-x86_64\bin\net.dll
0x00007ff978460000 - 0x00007ff97857f000 	C:\WINDOWS\SYSTEM32\WINHTTP.dll
0x00007ff97dc50000 - 0x00007ff97dcbb000 	C:\WINDOWS\system32\mswsock.dll
0x00007ff920f60000 - 0x00007ff920f76000 	C:\Users\stogh\.vscode\extensions\redhat.java-1.45.0-win32-x64\jre\21.0.8-win32-x86_64\bin\nio.dll
0x00007ff951430000 - 0x00007ff951440000 	c:\Users\stogh\.vscode\extensions\redhat.java-1.45.0-win32-x64\jre\21.0.8-win32-x86_64\bin\verify.dll
0x00007ff8eddd0000 - 0x00007ff8ede14000 	C:\Users\stogh\AppData\Roaming\Code\User\globalStorage\redhat.java\1.45.0\config_win\org.eclipse.equinox.launcher\org.eclipse.equinox.launcher.win32.win32.x86_64_1.2.1400.v20250801-0854\eclipse_11916.dll
0x00007ff97f9f0000 - 0x00007ff97fb88000 	C:\WINDOWS\System32\ole32.dll
0x00007ff97def0000 - 0x00007ff97df0b000 	C:\WINDOWS\SYSTEM32\CRYPTSP.dll
0x00007ff97d630000 - 0x00007ff97d66b000 	C:\WINDOWS\system32\rsaenh.dll
0x00007ff97dcf0000 - 0x00007ff97dd1b000 	C:\WINDOWS\SYSTEM32\USERENV.dll
0x00007ff97e7e0000 - 0x00007ff97e806000 	C:\WINDOWS\SYSTEM32\bcrypt.dll
0x00007ff97df10000 - 0x00007ff97df1c000 	C:\WINDOWS\SYSTEM32\CRYPTBASE.dll
0x00007ff97d0b0000 - 0x00007ff97d0e4000 	C:\WINDOWS\SYSTEM32\IPHLPAPI.DLL
0x00007ff981450000 - 0x00007ff98145a000 	C:\WINDOWS\System32\NSI.dll
0x00007ff8e3540000 - 0x00007ff8e3589000 	C:\Users\stogh\AppData\Local\Temp\jna-109770639\jna939204019781499339.dll
0x00007ff9808b0000 - 0x00007ff9808b8000 	C:\WINDOWS\System32\PSAPI.DLL
0x00007ff978270000 - 0x00007ff97828e000 	C:\WINDOWS\SYSTEM32\dhcpcsvc6.DLL
0x00007ff978240000 - 0x00007ff978263000 	C:\WINDOWS\SYSTEM32\dhcpcsvc.DLL
0x00007ff948440000 - 0x00007ff94844e000 	C:\Users\stogh\.vscode\extensions\redhat.java-1.45.0-win32-x64\jre\21.0.8-win32-x86_64\bin\sunmscapi.dll
0x00007ff97f150000 - 0x00007ff97f2c7000 	C:\WINDOWS\System32\CRYPT32.dll
0x00007ff97e110000 - 0x00007ff97e140000 	C:\WINDOWS\SYSTEM32\ncrypt.dll
0x00007ff97e0c0000 - 0x00007ff97e0ff000 	C:\WINDOWS\SYSTEM32\NTASN1.dll
0x00007ff97d140000 - 0x00007ff97d266000 	C:\WINDOWS\SYSTEM32\DNSAPI.dll
0x00007ff96dda0000 - 0x00007ff96ddab000 	C:\Windows\System32\rasadhlp.dll
0x00007ff975800000 - 0x00007ff975886000 	C:\WINDOWS\System32\fwpuclnt.dll
0x00007ff9466e0000 - 0x00007ff9466e9000 	C:\Users\stogh\.vscode\extensions\redhat.java-1.45.0-win32-x64\jre\21.0.8-win32-x86_64\bin\extnet.dll
0x00007ff97d7f0000 - 0x00007ff97d826000 	C:\WINDOWS\SYSTEM32\ntmarta.dll
0x00007ff96d4a0000 - 0x00007ff96d4a8000 	C:\WINDOWS\system32\wshunix.dll

JVMTI agents:
c:\Users\stogh\.vscode\extensions\redhat.java-1.45.0-win32-x64\lombok\lombok-1.18.39-4050.jar path:c:\Users\stogh\.vscode\extensions\redhat.java-1.45.0-win32-x64\jre\21.0.8-win32-x86_64\bin\instrument.dll, loaded, initialized, instrumentlib options:none

dbghelp: loaded successfully - version: 4.0.5 - missing functions: none
symbol engine: initialized successfully - sym options: 0x614 - pdb path: .;c:\Users\stogh\.vscode\extensions\redhat.java-1.45.0-win32-x64\jre\21.0.8-win32-x86_64\bin;C:\WINDOWS\SYSTEM32;C:\WINDOWS\WinSxS\amd64_microsoft.windows.common-controls_6595b64144ccf1df_6.0.26100.5074_none_3e0d6f78e32fd63f;c:\Users\stogh\.vscode\extensions\redhat.java-1.45.0-win32-x64\jre\21.0.8-win32-x86_64\bin\server;C:\Users\stogh\AppData\Roaming\Code\User\globalStorage\redhat.java\1.45.0\config_win\org.eclipse.equinox.launcher\org.eclipse.equinox.launcher.win32.win32.x86_64_1.2.1400.v20250801-0854;C:\Users\stogh\AppData\Local\Temp\jna-109770639

VM Arguments:
jvm_args: --add-modules=ALL-SYSTEM --add-opens=java.base/java.util=ALL-UNNAMED --add-opens=java.base/java.lang=ALL-UNNAMED --add-opens=java.base/sun.nio.fs=ALL-UNNAMED -Declipse.application=org.eclipse.jdt.ls.core.id1 -Dosgi.bundles.defaultStartLevel=4 -Declipse.product=org.eclipse.jdt.ls.core.product -Djava.import.generatesMetadataFilesAtProjectRoot=false -DDetectVMInstallationsJob.disabled=true -Dfile.encoding=utf8 -XX:+UseParallelGC -XX:GCTimeRatio=4 -XX:AdaptiveSizePolicyWeight=90 -Dsun.zip.disableMemoryMapping=true -Xmx2G -Xms100m -Xlog:disable -javaagent:c:\Users\stogh\.vscode\extensions\redhat.java-1.45.0-win32-x64\lombok\lombok-1.18.39-4050.jar -XX:+HeapDumpOnOutOfMemoryError -XX:HeapDumpPath=c:\Users\stogh\AppData\Roaming\Code\User\workspaceStorage\ff54eff95ed8fa7dfb27104f6affd791\redhat.java -Daether.dependencyCollector.impl=bf 
java_command: c:\Users\stogh\.vscode\extensions\redhat.java-1.45.0-win32-x64\server\plugins\org.eclipse.equinox.launcher_1.7.0.v20250519-0528.jar -configuration c:\Users\stogh\AppData\Roaming\Code\User\globalStorage\redhat.java\1.45.0\config_win -data c:\Users\stogh\AppData\Roaming\Code\User\workspaceStorage\ff54eff95ed8fa7dfb27104f6affd791\redhat.java\jdt_ws --pipe=\\.\pipe\lsp-746e366c8d427a943aa793688aae05dd-sock
java_class_path (initial): c:\Users\stogh\.vscode\extensions\redhat.java-1.45.0-win32-x64\server\plugins\org.eclipse.equinox.launcher_1.7.0.v20250519-0528.jar
Launcher Type: SUN_STANDARD

[Global flags]
    uintx AdaptiveSizePolicyWeight                 = 90                                        {product} {command line}
     intx CICompilerCount                          = 4                                         {product} {ergonomic}
    uintx GCTimeRatio                              = 4                                         {product} {command line}
     bool HeapDumpOnOutOfMemoryError               = true                                   {manageable} {command line}
    ccstr HeapDumpPath                             = c:\Users\stogh\AppData\Roaming\Code\User\workspaceStorage\ff54eff95ed8fa7dfb27104f6affd791\redhat.java         {manageable} {command line}
   size_t InitialHeapSize                          = 104857600                                 {product} {command line}
   size_t MaxHeapSize                              = 2147483648                                {product} {command line}
   size_t MaxNewSize                               = 715653120                                 {product} {ergonomic}
   size_t MinHeapDeltaBytes                        = 524288                                    {product} {ergonomic}
   size_t MinHeapSize                              = 104857600                                 {product} {command line}
   size_t NewSize                                  = 34603008                                  {product} {ergonomic}
    uintx NonNMethodCodeHeapSize                   = 5839372                                {pd product} {ergonomic}
    uintx NonProfiledCodeHeapSize                  = 122909434                              {pd product} {ergonomic}
   size_t OldSize                                  = 70254592                                  {product} {ergonomic}
    uintx ProfiledCodeHeapSize                     = 122909434                              {pd product} {ergonomic}
    uintx ReservedCodeCacheSize                    = 251658240                              {pd product} {ergonomic}
     bool SegmentedCodeCache                       = true                                      {product} {ergonomic}
   size_t SoftMaxHeapSize                          = 2147483648                             {manageable} {ergonomic}
     bool UseCompressedOops                        = true                           {product lp64_product} {ergonomic}
     bool UseLargePagesIndividualAllocation        = false                                  {pd product} {ergonomic}
     bool UseParallelGC                            = true                                      {product} {command line}

Logging:
Log output configuration:
 #0: stdout all=off uptime,level,tags foldmultilines=false
 #1: stderr all=off uptime,level,tags foldmultilines=false

Environment Variables:
JAVA_HOME=C:\Program Files\Eclipse Adoptium\jdk-17.0.12.7-hotspot\
PATH=C:\Program Files (x86)\Common Files\Oracle\Java\java8path;C:\Program Files (x86)\Common Files\Oracle\Java\javapath;C:\oraclexe\app\oracle\product\11.2.0\server\bin;;C:\Program Files\Eclipse Adoptium\jdk-17.0.12.7-hotspot\bin;C:\WINDOWS\system32;C:\WINDOWS;C:\WINDOWS\System32\Wbem;C:\WINDOWS\System32\WindowsPowerShell\v1.0\;C:\WINDOWS\System32\OpenSSH\;C:\Program Files\Git\cmd;C:\Program Files\Docker\Docker\resources\bin;C:\Program Files (x86)\Windows Kits\10\Windows Performance Toolkit\;C:\Program Files (x86)\Microsoft SQL Server\160\DTS\Binn\;C:\Program Files (x86)\Microsoft SQL Server\160\Tools\Binn\;C:\Program Files\Microsoft SQL Server\160\Tools\Binn\;C:\Program Files\Microsoft SQL Server\Client SDK\ODBC\170\Tools\Binn\;C:\Program Files\Microsoft SQL Server\160\DTS\Binn\;C:\Program Files\dotnet\;C:\Program Files\MySQL\MySQL Shell 8.0\bin\;C:\Users\stogh\AppData\Local\Microsoft\WindowsApps;C:\Users\stogh\AppData\Local\GitHubDesktop\bin;C:\Program Files\JetBrains\IntelliJ IDEA Community Edition 2024.1.1\plugins\maven\lib\maven3\bin;C:\Users\stogh\AppData\Local\Programs\Microsoft VS Code\bin;C:\Users\stogh\.dotnet\tools
USERNAME=stogh
OS=Windows_NT
PROCESSOR_IDENTIFIER=AMD64 Family 23 Model 104 Stepping 1, AuthenticAMD
TMP=C:\Users\stogh\AppData\Local\Temp
TEMP=C:\Users\stogh\AppData\Local\Temp




Periodic native trim disabled

---------------  S Y S T E M  ---------------

OS:
 Windows 11 , 64 bit Build 26100 (10.0.26100.5074)
OS uptime: 35 days 6:11 hours
Hyper-V role detected

CPU: total 12 (initial active 12) (12 cores per cpu, 2 threads per core) family 23 model 104 stepping 1 microcode 0x8608103, cx8, cmov, fxsr, ht, mmx, 3dnowpref, sse, sse2, sse3, ssse3, sse4a, sse4.1, sse4.2, popcnt, lzcnt, tsc, tscinvbit, avx, avx2, aes, clmul, bmi1, bmi2, adx, sha, fma, vzeroupper, clflush, clflushopt, hv, rdtscp, rdpid, f16c
Processor Information for the first 12 processors :
  Max Mhz: 2100, Current Mhz: 2100, Mhz Limit: 2100

Memory: 4k page, system-wide physical 14181M (1027M free)
TotalPageFile size 57189M (AvailPageFile size 0M)
current process WorkingSet (physical memory assigned to process): 185M, peak: 1737M
current process commit charge ("private bytes"): 1180M, peak: 1870M

vm_info: OpenJDK 64-Bit Server VM (21.0.8+9-LTS) for windows-amd64 JRE (21.0.8+9-LTS), built on 2025-07-15T00:00:00Z by "admin" with MS VC++ 17.7 (VS2022)

END.
